<?xml version="1.0" encoding="UTF-8"?>
<!-- Generated by org.testng.reporters.JUnitReportReporter -->
<testsuite hostname="DESKTOP-414SEUC" failures="0" tests="4" name="testng.Assignment1" time="0.036" errors="0" timestamp="2024-10-17T20:55:53 IST" skipped="0">
  <testcase classname="testng.Assignment1" name="createAccount" time="0.023"/>
  <system-out>
    <![CDATA[Account created]]>
  </system-out>
  <testcase classname="testng.Assignment1" name="createAccount" time="0.004"/>
  <system-out>
    <![CDATA[Account created]]>
  </system-out>
  <testcase classname="testng.Assignment1" name="editAccount" time="0.003"/>
  <system-out>
    <![CDATA[Accounted edited]]>
  </system-out>
  <testcase classname="testng.Assignment1" name="deleteAccount" time="0.006"/>
  <system-out>
    <![CDATA[Account deleted]]>
  </system-out>
</testsuite> <!-- testng.Assignment1 -->
