<?xml version="1.0" encoding="UTF-8"?>
<!-- Generated by org.testng.reporters.JUnitReportReporter -->
<testsuite hostname="DESKTOP-414SEUC" failures="0" tests="2" name="crossbrowser.ToLearnCrossBrowserTesting" time="98.302" errors="0" timestamp="2024-10-25T14:00:31 IST" skipped="0">
  <testcase classname="crossbrowser.ToLearnCrossBrowserTesting" name="launch" time="44.277"/>
  <system-out/>
  <testcase classname="crossbrowser.ToLearnCrossBrowserTesting" name="launch" time="54.025"/>
  <system-out/>
</testsuite> <!-- crossbrowser.ToLearnCrossBrowserTesting -->
