<?xml version="1.0" encoding="UTF-8"?>
<!-- Generated by org.testng.reporters.JUnitReportReporter -->
<testsuite hostname="DESKTOP-414SEUC" failures="0" tests="1" name="assertion.ToLearnHardAssert" time="64.187" errors="0" timestamp="2024-10-23T13:23:52 IST" skipped="0">
  <testcase classname="assertion.ToLearnHardAssert" name="login" time="64.187"/>
  <system-out>
    <![CDATA[Welcome page displayed
Login page is displayed
Home page is displayed]]>
  </system-out>
</testsuite> <!-- assertion.ToLearnHardAssert -->
