<?xml version="1.0" encoding="UTF-8"?>
<!-- Generated by org.testng.reporters.JUnitReportReporter -->
<testsuite hostname="DESKTOP-414SEUC" failures="0" tests="1" name="assertion.AutomationExercise1" time="42.333" errors="0" timestamp="2024-10-23T18:54:20 IST" skipped="0">
  <testcase classname="assertion.AutomationExercise1" name="testCase2" time="42.333"/>
  <system-out>
    <![CDATA[Home page is displayed
Displayed
Logged in as username displayed
Account deleted]]>
  </system-out>
</testsuite> <!-- assertion.AutomationExercise1 -->
