<?xml version="1.0" encoding="UTF-8"?>
<!-- Generated by org.testng.reporters.JUnitReportReporter -->
<testsuite hostname="DESKTOP-414SEUC" failures="0" tests="2" name="miniproject.TestScript" time="13.947" errors="0" timestamp="2024-11-04T11:54:50 IST" skipped="0">
  <testcase classname="miniproject.TestScript" name="book" time="7.878"/>
  <system-out>
    <![CDATA[Books page displayed
Test case is passed]]>
  </system-out>
  <testcase classname="miniproject.TestScript" name="book" time="6.069"/>
  <system-out>
    <![CDATA[Books page displayed
Test case is passed]]>
  </system-out>
</testsuite> <!-- miniproject.TestScript -->
