<?xml version="1.0" encoding="UTF-8"?>
<!-- Generated by org.testng.reporters.JUnitReportReporter -->
<testsuite hostname="DESKTOP-414SEUC" failures="0" tests="2" name="crossbrowser.AssignmentScript" time="33.184" errors="0" timestamp="2024-10-25T19:27:49 IST" skipped="0">
  <testcase classname="crossbrowser.AssignmentScript" name="sales" time="16.516"/>
  <system-out>
    <![CDATA[Sales History page displayed]]>
  </system-out>
  <testcase classname="crossbrowser.AssignmentScript" name="sales" time="16.668"/>
  <system-out>
    <![CDATA[Sales History page displayed]]>
  </system-out>
</testsuite> <!-- crossbrowser.AssignmentScript -->
