<?xml version="1.0" encoding="UTF-8"?>
<!-- Generated by org.testng.reporters.JUnitReportReporter -->
<testsuite hostname="DESKTOP-414SEUC" failures="0" tests="1" name="testng.ToLearnTestNG" time="0.032" errors="0" timestamp="2024-10-16T16:05:26 IST" skipped="0">
  <testcase classname="testng.ToLearnTestNG" name="demo" time="0.032"/>
  <system-out>
    <![CDATA[Welcome to advance selenium]]>
  </system-out>
</testsuite> <!-- testng.ToLearnTestNG -->
