<?xml version="1.0" encoding="UTF-8"?>
<!-- Generated by org.testng.reporters.JUnitReportReporter -->
<testsuite hostname="DESKTOP-414SEUC" failures="0" tests="2" name="testng.ToLearnConfigurationAnnonation" time="0.024" errors="0" timestamp="2024-10-19T13:44:44 IST" skipped="0">
  <testcase classname="testng.ToLearnConfigurationAnnonation" name="demo" time="0.019"/>
  <system-out>
    <![CDATA[Testscript executed]]>
  </system-out>
  <testcase classname="testng.ToLearnConfigurationAnnonation" name="demo1" time="0.005"/>
  <system-out>
    <![CDATA[Test Script1 executed]]>
  </system-out>
</testsuite> <!-- testng.ToLearnConfigurationAnnonation -->
