<?xml version="1.0" encoding="UTF-8"?>
<!-- Generated by org.testng.reporters.JUnitReportReporter -->
<testsuite hostname="DESKTOP-414SEUC" failures="0" tests="2" name="testng.Sample" time="0.042" errors="0" timestamp="2024-10-17T12:58:20 IST" skipped="0">
  <testcase classname="testng.Sample" name="sample" time="0.003"/>
  <system-out>
    <![CDATA[Welcome to advanced selenium]]>
  </system-out>
  <testcase classname="testng.Sample" name="demo" time="0.039"/>
  <system-out>
    <![CDATA[Welcome to Selenium]]>
  </system-out>
</testsuite> <!-- testng.Sample -->
