<?xml version="1.0" encoding="UTF-8"?>
<!-- Generated by org.testng.reporters.JUnitReportReporter -->
<testsuite hostname="DESKTOP-414SEUC" failures="0" tests="2" name="miniproject.Books" time="17.592" errors="0" timestamp="2024-11-05T12:27:24 IST" skipped="0">
  <testcase classname="miniproject.Books" name="book" time="9.316"/>
  <system-out>
    <![CDATA[Books page displayed
Test case is passed]]>
  </system-out>
  <testcase classname="miniproject.Books" name="book" time="8.276"/>
  <system-out>
    <![CDATA[Books page displayed
Test case is passed]]>
  </system-out>
</testsuite> <!-- miniproject.Books -->
