<?xml version="1.0" encoding="UTF-8"?>
<!-- Generated by org.testng.reporters.JUnitReportReporter -->
<testsuite hostname="DESKTOP-414SEUC" failures="0" tests="3" name="testng.ToLearnDependsOnMethods" time="121.612" errors="0" timestamp="2024-10-18T12:50:51 IST" skipped="0">
  <testcase classname="testng.ToLearnDependsOnMethods" name="addToCart" time="24.391"/>
  <system-out>
    <![CDATA[Product added to cart]]>
  </system-out>
  <testcase classname="testng.ToLearnDependsOnMethods" name="register" time="55.791"/>
  <system-out>
    <![CDATA[Registration successfull]]>
  </system-out>
  <testcase classname="testng.ToLearnDependsOnMethods" name="login" time="41.430"/>
  <system-out>
    <![CDATA[Login successfull]]>
  </system-out>
</testsuite> <!-- testng.ToLearnDependsOnMethods -->
