<?xml version="1.0" encoding="UTF-8"?>
<!-- Generated by org.testng.reporters.JUnitReportReporter -->
<testsuite hostname="DESKTOP-414SEUC" failures="0" tests="2" name="miniproject.Computer" time="24.136" errors="0" timestamp="2024-11-05T12:27:24 IST" skipped="0">
  <testcase classname="miniproject.Computer" name="computers" time="18.387"/>
  <system-out>
    <![CDATA[Computers page displayed
Test case is passed]]>
  </system-out>
  <testcase classname="miniproject.Computer" name="computers" time="5.749"/>
  <system-out>
    <![CDATA[Computers page displayed
Test case is passed]]>
  </system-out>
</testsuite> <!-- miniproject.Computer -->
