<?xml version="1.0" encoding="UTF-8"?>
<!-- Generated by org.testng.reporters.JUnitReportReporter -->
<testsuite hostname="DESKTOP-414SEUC" failures="0" tests="1" name="cars.Ferrari" time="67.830" errors="0" timestamp="2024-10-18T14:03:21 IST" skipped="0">
  <testcase classname="cars.Ferrari" name="launch" time="67.830"/>
  <system-out>
    <![CDATA[Ferrari launched successfully]]>
  </system-out>
</testsuite> <!-- cars.Ferrari -->
