<?xml version="1.0" encoding="UTF-8"?>
<!-- Generated by org.testng.reporters.JUnitReportReporter -->
<testsuite hostname="DESKTOP-414SEUC" failures="0" tests="2" name="testng.ToLearnPriorityAttribute" time="68.233" errors="0" timestamp="2024-10-17T13:20:57 IST" skipped="0">
  <testcase classname="testng.ToLearnPriorityAttribute" name="register" time="37.690"/>
  <system-out>
    <![CDATA[Registration Successfull]]>
  </system-out>
  <testcase classname="testng.ToLearnPriorityAttribute" name="login" time="30.543"/>
  <system-out>
    <![CDATA[Login Successfull]]>
  </system-out>
</testsuite> <!-- testng.ToLearnPriorityAttribute -->
