<?xml version="1.0" encoding="UTF-8"?>
<!-- Generated by org.testng.reporters.JUnitReportReporter -->
<testsuite hostname="DESKTOP-414SEUC" failures="0" tests="1" name="skillrary.TestScript" time="12.767" errors="0" timestamp="2024-10-22T21:22:38 IST" skipped="0">
  <testcase classname="skillrary.TestScript" name="sales" time="12.767"/>
  <system-out>
    <![CDATA[Sales History is displayed]]>
  </system-out>
</testsuite> <!-- skillrary.TestScript -->
